[debug] [2025-01-21T21:44:12.312Z] ----------------------------------------------------------------------
[debug] [2025-01-21T21:44:12.321Z] Command:       C:\Program Files\nodejs\node.exe C:\Users\quiet\AppData\Roaming\npm\node_modules\firebase-tools\lib\bin\firebase.js init
[debug] [2025-01-21T21:44:12.323Z] CLI Version:   13.29.1
[debug] [2025-01-21T21:44:12.323Z] Platform:      win32
[debug] [2025-01-21T21:44:12.323Z] Node Version:  v22.12.0
[debug] [2025-01-21T21:44:12.324Z] Time:          Tue Jan 21 2025 17:44:12 GMT-0400 (Venezuela Time)
[debug] [2025-01-21T21:44:12.325Z] ----------------------------------------------------------------------
[debug] 
[debug] [2025-01-21T21:44:12.340Z] > command requires scopes: ["email","openid","https://www.googleapis.com/auth/cloudplatformprojects.readonly","https://www.googleapis.com/auth/firebase","https://www.googleapis.com/auth/cloud-platform"]
[debug] [2025-01-21T21:44:12.341Z] > authorizing via signed-in user (mikkelrobertson@gmail.com)
[info] 
     ######## #### ########  ######## ########     ###     ######  ########
     ##        ##  ##     ## ##       ##     ##  ##   ##  ##       ##
     ######    ##  ########  ######   ########  #########  ######  ######
     ##        ##  ##    ##  ##       ##     ## ##     ##       ## ##
     ##       #### ##     ## ######## ########  ##     ##  ######  ########

You're about to initialize a Firebase project in this directory:

  C:\Users\quiet\OneDrive\Documents\GitHub\swiftlearn

[info] 
=== Project Setup
[info] 
[info] First, let's associate this project directory with a Firebase project.
[info] You can create multiple project aliases by running firebase use --add, 
[info] but for now we'll just set up a default project.
[info] 
